2025-06-17 16:33:33,547 - INFO - Iniciando a ferramenta de debug do Excel...
2025-06-17 16:33:33,599 - INFO - Conexão com o Excel estabelecida com sucesso.
2025-06-17 16:33:33,610 - INFO - Timestamp: 16:21:39 | Símbolo: DOLFUT | Lado: Comprador | Preço: 5514.00 | Vol: 15 | Vol. Norm: 15.0
2025-06-17 16:33:33,611 - INFO - Timestamp: 16:21:46 | Símbolo: DOLFUT | Lado: Vendedor | Preço: 5513.50 | Vol: 10 | Vol. Norm: 10.0
2025-06-17 16:33:33,611 - INFO - Timestamp: 16:21:59 | Símbolo: DOLFUT | Lado: Vendedor | Preço: 5513.00 | Vol: 5 | Vol. Norm: 5.0
2025-06-17 16:33:33,611 - INFO - Timestamp: 16:22:00 | Símbolo: DOLFUT | Lado: Comprador | Preço: 5513.50 | Vol: 5 | Vol. Norm: 5.0
2025-06-17 16:33:33,611 - INFO - Timestamp: 16:22:07 | Símbolo: DOLFUT | Lado: Comprador | Preço: 5514.00 | Vol: 5 | Vol. Norm: 5.0
2025-06-17 16:33:33,611 - INFO - Timestamp: 16:22:15 | Símbolo: WDOFUT | Lado: Comprador | Preço: 5514.50 | Vol: 78 | Vol. Norm: 15.6
2025-06-17 16:33:33,612 - INFO - Timestamp: 16:22:17 | Símbolo: DOLFUT | Lado: Vendedor | Preço: 5514.00 | Vol: 5 | Vol. Norm: 5.0
2025-06-17 16:33:33,612 - INFO - Timestamp: 16:22:23 | Símbolo: DOLFUT | Lado: Comprador | Preço: 5514.50 | Vol: 5 | Vol. Norm: 5.0
2025-06-17 16:33:33,612 - INFO - Timestamp: 16:22:24 | Símbolo: WDOFUT | Lado: Comprador | Preço: 5515.00 | Vol: 30 | Vol. Norm: 6.0
2025-06-17 16:33:33,612 - INFO - Timestamp: 16:22:24 | Símbolo: WDOFUT | Lado: Comprador | Preço: 5515.00 | Vol: 606 | Vol. Norm: 121.2
2025-06-17 16:33:33,612 - INFO - Timestamp: 16:22:24 | Símbolo: WDOFUT | Lado: Comprador | Preço: 5514.50 | Vol: 52 | Vol. Norm: 10.4
2025-06-17 16:33:33,613 - INFO - Timestamp: 16:22:24 | Símbolo: DOLFUT | Lado: Vendedor | Preço: 5515.00 | Vol: 5 | Vol. Norm: 5.0
2025-06-17 16:33:33,613 - INFO - Timestamp: 16:22:24 | Símbolo: DOLFUT | Lado: Comprador | Preço: 5515.00 | Vol: 5 | Vol. Norm: 5.0
2025-06-17 16:33:33,613 - INFO - Timestamp: 16:22:34 | Símbolo: WDOFUT | Lado: Vendedor | Preço: 5514.50 | Vol: 40 | Vol. Norm: 8.0
2025-06-17 16:33:33,613 - INFO - Timestamp: 16:22:34 | Símbolo: DOLFUT | Lado: Comprador | Preço: 5514.50 | Vol: 5 | Vol. Norm: 5.0
2025-06-17 16:33:33,614 - INFO - Timestamp: 16:22:35 | Símbolo: WDOFUT | Lado: Comprador | Preço: 5515.00 | Vol: 30 | Vol. Norm: 6.0
2025-06-17 16:33:33,614 - INFO - Timestamp: 16:22:39 | Símbolo: WDOFUT | Lado: Vendedor | Preço: 5514.00 | Vol: 50 | Vol. Norm: 10.0
2025-06-17 16:33:33,614 - INFO - Timestamp: 16:22:39 | Símbolo: WDOFUT | Lado: Vendedor | Preço: 5514.50 | Vol: 49 | Vol. Norm: 9.8
2025-06-17 16:33:33,614 - INFO - Timestamp: 16:22:57 | Símbolo: WDOFUT | Lado: Comprador | Preço: 5515.00 | Vol: 100 | Vol. Norm: 20.0
2025-06-17 16:33:33,614 - INFO - Timestamp: 16:23:27 | Símbolo: WDOFUT | Lado: Comprador | Preço: 5515.00 | Vol: 54 | Vol. Norm: 10.8
2025-06-17 16:33:33,615 - INFO - Timestamp: 16:23:27 | Símbolo: DOLFUT | Lado: Comprador | Preço: 5515.00 | Vol: 5 | Vol. Norm: 5.0
2025-06-17 16:33:33,615 - INFO - Timestamp: 16:23:38 | Símbolo: WDOFUT | Lado: Comprador | Preço: 5515.00 | Vol: 49 | Vol. Norm: 9.8
2025-06-17 16:33:33,615 - INFO - Timestamp: 16:23:38 | Símbolo: DOLFUT | Lado: Comprador | Preço: 5515.00 | Vol: 5 | Vol. Norm: 5.0
2025-06-17 16:33:33,615 - INFO - Timestamp: 16:23:42 | Símbolo: WDOFUT | Lado: Vendedor | Preço: 5514.50 | Vol: 50 | Vol. Norm: 10.0
2025-06-17 16:33:33,615 - INFO - Timestamp: 16:24:05 | Símbolo: WDOFUT | Lado: Vendedor | Preço: 5514.50 | Vol: 53 | Vol. Norm: 10.6
2025-06-17 16:33:33,615 - INFO - Timestamp: 16:24:05 | Símbolo: DOLFUT | Lado: Vendedor | Preço: 5514.50 | Vol: 10 | Vol. Norm: 10.0
2025-06-17 16:33:33,616 - INFO - Timestamp: 16:24:09 | Símbolo: WDOFUT | Lado: Vendedor | Preço: 5514.50 | Vol: 53 | Vol. Norm: 10.6
2025-06-17 16:33:33,616 - INFO - Timestamp: 16:24:09 | Símbolo: WDOFUT | Lado: Vendedor | Preço: 5514.50 | Vol: 74 | Vol. Norm: 14.8
2025-06-17 16:33:33,616 - INFO - Timestamp: 16:24:09 | Símbolo: DOLFUT | Lado: Vendedor | Preço: 5514.50 | Vol: 5 | Vol. Norm: 5.0
2025-06-17 16:33:33,616 - INFO - Timestamp: 16:24:09 | Símbolo: DOLFUT | Lado: Comprador | Preço: 5514.50 | Vol: 5 | Vol. Norm: 5.0
2025-06-17 16:33:33,616 - INFO - Timestamp: 16:24:09 | Símbolo: DOLFUT | Lado: Vendedor | Preço: 5514.50 | Vol: 15 | Vol. Norm: 15.0
2025-06-17 16:33:33,616 - INFO - Timestamp: 16:24:09 | Símbolo: DOLFUT | Lado: Vendedor | Preço: 5514.50 | Vol: 55 | Vol. Norm: 55.0
2025-06-17 16:33:33,616 - INFO - Timestamp: 16:24:09 | Símbolo: DOLFUT | Lado: Vendedor | Preço: 5514.50 | Vol: 20 | Vol. Norm: 20.0
2025-06-17 16:33:33,616 - INFO - Timestamp: 16:24:25 | Símbolo: WDOFUT | Lado: Comprador | Preço: 5515.00 | Vol: 137 | Vol. Norm: 27.4
2025-06-17 16:33:33,617 - INFO - Timestamp: 16:24:25 | Símbolo: WDOFUT | Lado: Comprador | Preço: 5515.00 | Vol: 208 | Vol. Norm: 41.6
2025-06-17 16:33:33,617 - INFO - Timestamp: 16:24:25 | Símbolo: DOLFUT | Lado: Vendedor | Preço: 5515.00 | Vol: 10 | Vol. Norm: 10.0
2025-06-17 16:33:33,617 - INFO - Timestamp: 16:24:25 | Símbolo: DOLFUT | Lado: Comprador | Preço: 5515.00 | Vol: 10 | Vol. Norm: 10.0
2025-06-17 16:33:33,617 - INFO - Timestamp: 16:24:29 | Símbolo: WDOFUT | Lado: Comprador | Preço: 5515.50 | Vol: 42 | Vol. Norm: 8.4
2025-06-17 16:33:33,617 - INFO - Timestamp: 16:24:29 | Símbolo: WDOFUT | Lado: Vendedor | Preço: 5515.50 | Vol: 46 | Vol. Norm: 9.2
2025-06-17 16:33:33,618 - INFO - Timestamp: 16:24:29 | Símbolo: WDOFUT | Lado: Comprador | Preço: 5515.50 | Vol: 101 | Vol. Norm: 20.2
2025-06-17 16:33:33,618 - INFO - Timestamp: 16:24:29 | Símbolo: WDOFUT | Lado: Comprador | Preço: 5515.50 | Vol: 55 | Vol. Norm: 11.0
2025-06-17 16:33:33,618 - INFO - Timestamp: 16:24:29 | Símbolo: DOLFUT | Lado: Vendedor | Preço: 5515.50 | Vol: 5 | Vol. Norm: 5.0
2025-06-17 16:33:33,618 - INFO - Timestamp: 16:24:29 | Símbolo: DOLFUT | Lado: Comprador | Preço: 5515.50 | Vol: 10 | Vol. Norm: 10.0
2025-06-17 16:33:33,619 - INFO - Timestamp: 16:24:34 | Símbolo: DOLFUT | Lado: Comprador | Preço: 5516.00 | Vol: 10 | Vol. Norm: 10.0
2025-06-17 16:33:33,619 - INFO - Timestamp: 16:24:43 | Símbolo: WDOFUT | Lado: Vendedor | Preço: 5515.50 | Vol: 50 | Vol. Norm: 10.0
2025-06-17 16:33:33,619 - INFO - Timestamp: 16:24:43 | Símbolo: DOLFUT | Lado: Vendedor | Preço: 5515.50 | Vol: 5 | Vol. Norm: 5.0
2025-06-17 16:33:33,619 - INFO - Timestamp: 16:24:43 | Símbolo: DOLFUT | Lado: Vendedor | Preço: 5515.50 | Vol: 15 | Vol. Norm: 15.0
2025-06-17 16:33:33,619 - INFO - Timestamp: 16:24:43 | Símbolo: DOLFUT | Lado: Comprador | Preço: 5515.50 | Vol: 5 | Vol. Norm: 5.0
2025-06-17 16:33:33,620 - INFO - Timestamp: 16:24:43 | Símbolo: DOLFUT | Lado: Vendedor | Preço: 5515.50 | Vol: 10 | Vol. Norm: 10.0
2025-06-17 16:33:33,620 - INFO - Timestamp: 16:24:44 | Símbolo: DOLFUT | Lado: Vendedor | Preço: 5515.50 | Vol: 10 | Vol. Norm: 10.0
2025-06-17 16:33:33,620 - INFO - Timestamp: 16:24:44 | Símbolo: DOLFUT | Lado: Comprador | Preço: 5515.50 | Vol: 35 | Vol. Norm: 35.0
2025-06-17 16:33:33,620 - INFO - Timestamp: 16:24:48 | Símbolo: WDOFUT | Lado: Vendedor | Preço: 5515.00 | Vol: 50 | Vol. Norm: 10.0
2025-06-17 16:33:33,620 - INFO - Timestamp: 16:24:48 | Símbolo: DOLFUT | Lado: Vendedor | Preço: 5515.00 | Vol: 15 | Vol. Norm: 15.0
2025-06-17 16:33:33,621 - INFO - Timestamp: 16:24:48 | Símbolo: DOLFUT | Lado: Vendedor | Preço: 5515.00 | Vol: 5 | Vol. Norm: 5.0
2025-06-17 16:33:33,621 - INFO - Timestamp: 16:24:50 | Símbolo: DOLFUT | Lado: Vendedor | Preço: 5515.00 | Vol: 5 | Vol. Norm: 5.0
2025-06-17 16:33:33,621 - INFO - Timestamp: 16:24:51 | Símbolo: WDOFUT | Lado: Comprador | Preço: 5515.50 | Vol: 185 | Vol. Norm: 37.0
2025-06-17 16:33:33,621 - INFO - Timestamp: 16:25:10 | Símbolo: WDOFUT | Lado: Comprador | Preço: 5515.00 | Vol: 33 | Vol. Norm: 6.6
2025-06-17 16:33:33,622 - INFO - Timestamp: 16:25:10 | Símbolo: WDOFUT | Lado: Vendedor | Preço: 5515.00 | Vol: 200 | Vol. Norm: 40.0
2025-06-17 16:33:33,622 - INFO - Timestamp: 16:25:10 | Símbolo: DOLFUT | Lado: Vendedor | Preço: 5515.00 | Vol: 5 | Vol. Norm: 5.0
2025-06-17 16:33:33,622 - INFO - Timestamp: 16:25:13 | Símbolo: WDOFUT | Lado: Vendedor | Preço: 5515.00 | Vol: 36 | Vol. Norm: 7.2
2025-06-17 16:33:33,622 - INFO - Timestamp: 16:25:13 | Símbolo: DOLFUT | Lado: Vendedor | Preço: 5515.00 | Vol: 5 | Vol. Norm: 5.0
2025-06-17 16:33:33,622 - INFO - Timestamp: 16:25:13 | Símbolo: DOLFUT | Lado: Comprador | Preço: 5515.00 | Vol: 20 | Vol. Norm: 20.0
2025-06-17 16:33:33,622 - INFO - Timestamp: 16:25:19 | Símbolo: WDOFUT | Lado: Comprador | Preço: 5515.50 | Vol: 38 | Vol. Norm: 7.6
2025-06-17 16:33:33,622 - INFO - Timestamp: 16:25:19 | Símbolo: WDOFUT | Lado: Comprador | Preço: 5515.00 | Vol: 67 | Vol. Norm: 13.4
2025-06-17 16:33:33,623 - INFO - Timestamp: 16:25:19 | Símbolo: WDOFUT | Lado: Comprador | Preço: 5515.00 | Vol: 43 | Vol. Norm: 8.6
2025-06-17 16:33:33,623 - INFO - Timestamp: 16:25:19 | Símbolo: DOLFUT | Lado: Comprador | Preço: 5515.00 | Vol: 5 | Vol. Norm: 5.0
2025-06-17 16:33:33,623 - INFO - Timestamp: 16:25:21 | Símbolo: DOLFUT | Lado: Vendedor | Preço: 5515.00 | Vol: 10 | Vol. Norm: 10.0
2025-06-17 16:33:33,623 - INFO - Timestamp: 16:25:42 | Símbolo: WDOFUT | Lado: Vendedor | Preço: 5515.00 | Vol: 35 | Vol. Norm: 7.0
2025-06-17 16:33:33,623 - INFO - Timestamp: 16:25:51 | Símbolo: WDOFUT | Lado: Comprador | Preço: 5515.00 | Vol: 47 | Vol. Norm: 9.4
2025-06-17 16:33:33,623 - INFO - Timestamp: 16:25:51 | Símbolo: WDOFUT | Lado: Vendedor | Preço: 5515.00 | Vol: 32 | Vol. Norm: 6.4
2025-06-17 16:33:33,624 - INFO - Timestamp: 16:25:51 | Símbolo: DOLFUT | Lado: Vendedor | Preço: 5515.00 | Vol: 5 | Vol. Norm: 5.0
2025-06-17 16:33:33,624 - INFO - Timestamp: 16:25:56 | Símbolo: DOLFUT | Lado: Comprador | Preço: 5515.50 | Vol: 5 | Vol. Norm: 5.0
2025-06-17 16:33:33,624 - INFO - Timestamp: 16:26:01 | Símbolo: DOLFUT | Lado: Vendedor | Preço: 5515.00 | Vol: 5 | Vol. Norm: 5.0
2025-06-17 16:33:33,624 - INFO - Timestamp: 16:26:04 | Símbolo: WDOFUT | Lado: Comprador | Preço: 5515.50 | Vol: 129 | Vol. Norm: 25.8
2025-06-17 16:33:33,624 - INFO - Timestamp: 16:26:19 | Símbolo: DOLFUT | Lado: Vendedor | Preço: 5515.00 | Vol: 15 | Vol. Norm: 15.0
2025-06-17 16:33:33,625 - INFO - Timestamp: 16:26:30 | Símbolo: WDOFUT | Lado: Vendedor | Preço: 5514.50 | Vol: 100 | Vol. Norm: 20.0
2025-06-17 16:33:33,625 - INFO - Timestamp: 16:26:35 | Símbolo: WDOFUT | Lado: Vendedor | Preço: 5514.50 | Vol: 39 | Vol. Norm: 7.8
2025-06-17 16:33:33,625 - INFO - Timestamp: 16:26:35 | Símbolo: DOLFUT | Lado: Comprador | Preço: 5514.50 | Vol: 5 | Vol. Norm: 5.0
2025-06-17 16:33:33,625 - INFO - Timestamp: 16:26:45 | Símbolo: WDOFUT | Lado: Comprador | Preço: 5515.00 | Vol: 41 | Vol. Norm: 8.2
2025-06-17 16:33:33,625 - INFO - Timestamp: 16:26:45 | Símbolo: WDOFUT | Lado: Comprador | Preço: 5515.00 | Vol: 55 | Vol. Norm: 11.0
2025-06-17 16:33:33,626 - INFO - Timestamp: 16:26:45 | Símbolo: DOLFUT | Lado: Comprador | Preço: 5515.00 | Vol: 5 | Vol. Norm: 5.0
2025-06-17 16:33:33,626 - INFO - Timestamp: 16:26:45 | Símbolo: DOLFUT | Lado: Comprador | Preço: 5515.50 | Vol: 30 | Vol. Norm: 30.0
2025-06-17 16:33:33,626 - INFO - Timestamp: 16:26:50 | Símbolo: WDOFUT | Lado: Vendedor | Preço: 5514.50 | Vol: 55 | Vol. Norm: 11.0
2025-06-17 16:33:33,626 - INFO - Timestamp: 16:26:51 | Símbolo: WDOFUT | Lado: Comprador | Preço: 5514.50 | Vol: 67 | Vol. Norm: 13.4
2025-06-17 16:33:33,626 - INFO - Timestamp: 16:26:58 | Símbolo: DOLFUT | Lado: Comprador | Preço: 5515.00 | Vol: 5 | Vol. Norm: 5.0
2025-06-17 16:33:33,627 - INFO - Timestamp: 16:27:14 | Símbolo: WDOFUT | Lado: Comprador | Preço: 5514.00 | Vol: 57 | Vol. Norm: 11.4
2025-06-17 16:33:33,627 - INFO - Timestamp: 16:27:14 | Símbolo: WDOFUT | Lado: Vendedor | Preço: 5514.00 | Vol: 1000 | Vol. Norm: 200.0
2025-06-17 16:33:33,627 - INFO - Timestamp: 16:27:14 | Símbolo: DOLFUT | Lado: Comprador | Preço: 5514.00 | Vol: 5 | Vol. Norm: 5.0
2025-06-17 16:33:33,627 - INFO - Timestamp: 16:27:14 | Símbolo: DOLFUT | Lado: Comprador | Preço: 5514.00 | Vol: 15 | Vol. Norm: 15.0
2025-06-17 16:33:33,628 - INFO - Timestamp: 16:27:14 | Símbolo: DOLFUT | Lado: Vendedor | Preço: 5514.00 | Vol: 120 | Vol. Norm: 120.0
2025-06-17 16:33:33,628 - INFO - Timestamp: 16:27:21 | Símbolo: WDOFUT | Lado: Vendedor | Preço: 5513.50 | Vol: 172 | Vol. Norm: 34.4
2025-06-17 16:33:33,628 - INFO - Timestamp: 16:27:21 | Símbolo: DOLFUT | Lado: Vendedor | Preço: 5513.50 | Vol: 5 | Vol. Norm: 5.0
2025-06-17 16:33:33,628 - INFO - Timestamp: 16:27:25 | Símbolo: WDOFUT | Lado: Comprador | Preço: 5514.00 | Vol: 100 | Vol. Norm: 20.0
2025-06-17 16:33:33,628 - INFO - Timestamp: 16:27:26 | Símbolo: WDOFUT | Lado: Comprador | Preço: 5514.00 | Vol: 100 | Vol. Norm: 20.0
2025-06-17 16:33:33,628 - INFO - Timestamp: 16:27:45 | Símbolo: WDOFUT | Lado: Comprador | Preço: 5514.00 | Vol: 70 | Vol. Norm: 14.0
2025-06-17 16:33:33,628 - INFO - Timestamp: 16:27:45 | Símbolo: DOLFUT | Lado: Comprador | Preço: 5514.00 | Vol: 5 | Vol. Norm: 5.0
2025-06-17 16:33:33,629 - INFO - Timestamp: 16:27:50 | Símbolo: WDOFUT | Lado: Comprador | Preço: 5514.50 | Vol: 36 | Vol. Norm: 7.2
2025-06-17 16:33:33,629 - INFO - Timestamp: 16:27:53 | Símbolo: WDOFUT | Lado: Vendedor | Preço: 5514.00 | Vol: 30 | Vol. Norm: 6.0
2025-06-17 16:33:33,629 - INFO - Timestamp: 16:27:53 | Símbolo: DOLFUT | Lado: Vendedor | Preço: 5514.00 | Vol: 5 | Vol. Norm: 5.0
2025-06-17 16:33:33,629 - INFO - Timestamp: 16:28:06 | Símbolo: WDOFUT | Lado: Vendedor | Preço: 5513.50 | Vol: 150 | Vol. Norm: 30.0
2025-06-17 16:33:33,630 - INFO - Timestamp: 16:28:06 | Símbolo: DOLFUT | Lado: Vendedor | Preço: 5513.50 | Vol: 5 | Vol. Norm: 5.0
2025-06-17 16:33:33,630 - INFO - Timestamp: 16:28:09 | Símbolo: WDOFUT | Lado: Comprador | Preço: 5513.50 | Vol: 74 | Vol. Norm: 14.8
2025-06-17 16:33:33,630 - INFO - Timestamp: 16:28:09 | Símbolo: DOLFUT | Lado: Vendedor | Preço: 5513.00 | Vol: 50 | Vol. Norm: 50.0
2025-06-17 16:33:33,630 - INFO - Timestamp: 16:28:11 | Símbolo: WDOFUT | Lado: Vendedor | Preço: 5513.00 | Vol: 100 | Vol. Norm: 20.0
2025-06-17 16:33:33,630 - INFO - Timestamp: 16:28:23 | Símbolo: WDOFUT | Lado: Comprador | Preço: 5514.50 | Vol: 325 | Vol. Norm: 65.0
2025-06-17 16:33:33,631 - INFO - Timestamp: 16:28:23 | Símbolo: DOLFUT | Lado: Comprador | Preço: 5514.00 | Vol: 5 | Vol. Norm: 5.0
2025-06-17 16:33:33,631 - INFO - Timestamp: 16:28:23 | Símbolo: DOLFUT | Lado: Comprador | Preço: 5514.00 | Vol: 35 | Vol. Norm: 35.0
2025-06-17 16:33:33,631 - INFO - Timestamp: 16:28:31 | Símbolo: WDOFUT | Lado: Comprador | Preço: 5514.00 | Vol: 150 | Vol. Norm: 30.0
2025-06-17 16:33:33,631 - INFO - Timestamp: 16:28:31 | Símbolo: DOLFUT | Lado: Comprador | Preço: 5514.00 | Vol: 20 | Vol. Norm: 20.0
2025-06-17 16:33:33,631 - INFO - Timestamp: 16:28:38 | Símbolo: DOLFUT | Lado: Vendedor | Preço: 5514.00 | Vol: 5 | Vol. Norm: 5.0
2025-06-17 16:33:33,632 - INFO - Timestamp: 16:28:45 | Símbolo: WDOFUT | Lado: Vendedor | Preço: 5514.00 | Vol: 99 | Vol. Norm: 19.8
2025-06-17 16:33:33,632 - INFO - Timestamp: 16:28:50 | Símbolo: DOLFUT | Lado: Comprador | Preço: 5514.00 | Vol: 5 | Vol. Norm: 5.0
2025-06-17 16:33:33,632 - INFO - Timestamp: 16:28:59 | Símbolo: DOLFUT | Lado: Vendedor | Preço: 5514.00 | Vol: 10 | Vol. Norm: 10.0
2025-06-17 16:33:33,632 - INFO - Timestamp: 16:29:06 | Símbolo: WDOFUT | Lado: Comprador | Preço: 5514.50 | Vol: 237 | Vol. Norm: 47.4
2025-06-17 16:33:33,632 - INFO - Timestamp: 16:29:06 | Símbolo: DOLFUT | Lado: Vendedor | Preço: 5514.50 | Vol: 15 | Vol. Norm: 15.0
2025-06-17 16:33:33,632 - INFO - Timestamp: 16:29:06 | Símbolo: DOLFUT | Lado: Comprador | Preço: 5514.50 | Vol: 10 | Vol. Norm: 10.0
2025-06-17 16:33:33,632 - INFO - Timestamp: 16:29:07 | Símbolo: WDOFUT | Lado: Comprador | Preço: 5514.50 | Vol: 59 | Vol. Norm: 11.8
2025-06-17 16:33:33,633 - INFO - Timestamp: 16:29:20 | Símbolo: WDOFUT | Lado: Comprador | Preço: 5515.00 | Vol: 64 | Vol. Norm: 12.8
2025-06-17 16:33:33,633 - INFO - Timestamp: 16:29:20 | Símbolo: WDOFUT | Lado: Comprador | Preço: 5515.00 | Vol: 53 | Vol. Norm: 10.6
2025-06-17 16:33:33,633 - INFO - Timestamp: 16:29:20 | Símbolo: WDOFUT | Lado: Comprador | Preço: 5515.00 | Vol: 410 | Vol. Norm: 82.0
2025-06-17 16:33:33,633 - INFO - Timestamp: 16:29:20 | Símbolo: DOLFUT | Lado: Comprador | Preço: 5515.00 | Vol: 5 | Vol. Norm: 5.0
2025-06-17 16:33:33,633 - INFO - Timestamp: 16:29:21 | Símbolo: DOLFUT | Lado: Vendedor | Preço: 5515.00 | Vol: 5 | Vol. Norm: 5.0
2025-06-17 16:33:33,634 - INFO - Timestamp: 16:29:25 | Símbolo: DOLFUT | Lado: Vendedor | Preço: 5515.00 | Vol: 30 | Vol. Norm: 30.0
2025-06-17 16:33:33,634 - INFO - Timestamp: 16:29:25 | Símbolo: DOLFUT | Lado: Comprador | Preço: 5515.00 | Vol: 15 | Vol. Norm: 15.0
2025-06-17 16:33:33,634 - INFO - Timestamp: 16:29:34 | Símbolo: WDOFUT | Lado: Vendedor | Preço: 5514.50 | Vol: 187 | Vol. Norm: 37.4
2025-06-17 16:33:33,634 - INFO - Timestamp: 16:29:35 | Símbolo: DOLFUT | Lado: Comprador | Preço: 5514.50 | Vol: 5 | Vol. Norm: 5.0
2025-06-17 16:33:33,635 - INFO - Timestamp: 16:30:01 | Símbolo: WDOFUT | Lado: Vendedor | Preço: 5514.50 | Vol: 87 | Vol. Norm: 17.4
2025-06-17 16:33:33,635 - INFO - Timestamp: 16:30:02 | Símbolo: WDOFUT | Lado: Vendedor | Preço: 5514.50 | Vol: 72 | Vol. Norm: 14.4
2025-06-17 16:33:33,635 - INFO - Timestamp: 16:30:03 | Símbolo: WDOFUT | Lado: Vendedor | Preço: 5514.50 | Vol: 57 | Vol. Norm: 11.4
2025-06-17 16:33:33,635 - INFO - Timestamp: 16:30:04 | Símbolo: WDOFUT | Lado: Vendedor | Preço: 5514.50 | Vol: 46 | Vol. Norm: 9.2
2025-06-17 16:33:33,635 - INFO - Timestamp: 16:30:29 | Símbolo: WDOFUT | Lado: Vendedor | Preço: 5514.00 | Vol: 52 | Vol. Norm: 10.4
2025-06-17 16:33:33,636 - INFO - Timestamp: 16:30:29 | Símbolo: WDOFUT | Lado: Comprador | Preço: 5514.50 | Vol: 43 | Vol. Norm: 8.6
2025-06-17 16:33:33,636 - INFO - Timestamp: 16:30:29 | Símbolo: DOLFUT | Lado: Vendedor | Preço: 5514.50 | Vol: 5 | Vol. Norm: 5.0
2025-06-17 16:33:33,636 - INFO - Timestamp: 16:30:31 | Símbolo: DOLFUT | Lado: Comprador | Preço: 5514.50 | Vol: 5 | Vol. Norm: 5.0
2025-06-17 16:33:33,636 - INFO - Timestamp: 16:30:34 | Símbolo: DOLFUT | Lado: Comprador | Preço: 5515.00 | Vol: 5 | Vol. Norm: 5.0
2025-06-17 16:33:33,637 - INFO - Timestamp: 16:30:35 | Símbolo: DOLFUT | Lado: Comprador | Preço: 5514.50 | Vol: 5 | Vol. Norm: 5.0
2025-06-17 16:33:33,637 - INFO - Timestamp: 16:30:40 | Símbolo: WDOFUT | Lado: Comprador | Preço: 5514.50 | Vol: 70 | Vol. Norm: 14.0
2025-06-17 16:33:33,637 - INFO - Timestamp: 16:30:40 | Símbolo: DOLFUT | Lado: Vendedor | Preço: 5514.00 | Vol: 10 | Vol. Norm: 10.0
2025-06-17 16:33:33,637 - INFO - Timestamp: 16:30:52 | Símbolo: WDOFUT | Lado: Vendedor | Preço: 5514.50 | Vol: 96 | Vol. Norm: 19.2
2025-06-17 16:33:33,638 - INFO - Timestamp: 16:30:52 | Símbolo: DOLFUT | Lado: Vendedor | Preço: 5514.50 | Vol: 5 | Vol. Norm: 5.0
2025-06-17 16:33:33,638 - INFO - Timestamp: 16:30:52 | Símbolo: DOLFUT | Lado: Vendedor | Preço: 5514.50 | Vol: 10 | Vol. Norm: 10.0
2025-06-17 16:33:33,638 - INFO - Timestamp: 16:30:59 | Símbolo: WDOFUT | Lado: Comprador | Preço: 5515.00 | Vol: 65 | Vol. Norm: 13.0
2025-06-17 16:33:33,638 - INFO - Timestamp: 16:30:59 | Símbolo: WDOFUT | Lado: Comprador | Preço: 5515.00 | Vol: 300 | Vol. Norm: 60.0
2025-06-17 16:33:33,638 - INFO - Timestamp: 16:31:05 | Símbolo: WDOFUT | Lado: Vendedor | Preço: 5514.50 | Vol: 31 | Vol. Norm: 6.2
2025-06-17 16:33:33,639 - INFO - Timestamp: 16:31:05 | Símbolo: DOLFUT | Lado: Vendedor | Preço: 5514.50 | Vol: 30 | Vol. Norm: 30.0
2025-06-17 16:33:33,639 - INFO - Timestamp: 16:31:14 | Símbolo: WDOFUT | Lado: Vendedor | Preço: 5514.50 | Vol: 83 | Vol. Norm: 16.6
2025-06-17 16:33:33,639 - INFO - Timestamp: 16:31:14 | Símbolo: DOLFUT | Lado: Comprador | Preço: 5515.00 | Vol: 15 | Vol. Norm: 15.0
2025-06-17 16:33:33,639 - INFO - Timestamp: 16:31:14 | Símbolo: DOLFUT | Lado: Vendedor | Preço: 5514.00 | Vol: 40 | Vol. Norm: 40.0
2025-06-17 16:33:33,639 - INFO - Timestamp: 16:31:23 | Símbolo: WDOFUT | Lado: Comprador | Preço: 5515.00 | Vol: 93 | Vol. Norm: 18.6
2025-06-17 16:33:33,639 - INFO - Timestamp: 16:31:23 | Símbolo: WDOFUT | Lado: Comprador | Preço: 5515.00 | Vol: 200 | Vol. Norm: 40.0
2025-06-17 16:33:33,639 - INFO - Timestamp: 16:31:23 | Símbolo: DOLFUT | Lado: Comprador | Preço: 5515.00 | Vol: 20 | Vol. Norm: 20.0
2025-06-17 16:33:33,640 - INFO - Timestamp: 16:31:23 | Símbolo: DOLFUT | Lado: Comprador | Preço: 5515.00 | Vol: 10 | Vol. Norm: 10.0
2025-06-17 16:33:33,640 - INFO - Timestamp: 16:31:36 | Símbolo: WDOFUT | Lado: Comprador | Preço: 5515.50 | Vol: 80 | Vol. Norm: 16.0
2025-06-17 16:33:33,640 - INFO - Timestamp: 16:31:47 | Símbolo: WDOFUT | Lado: Comprador | Preço: 5515.50 | Vol: 86 | Vol. Norm: 17.2
2025-06-17 16:33:33,641 - INFO - Timestamp: 16:31:47 | Símbolo: WDOFUT | Lado: Comprador | Preço: 5515.50 | Vol: 124 | Vol. Norm: 24.8
2025-06-17 16:33:33,641 - INFO - Timestamp: 16:31:47 | Símbolo: DOLFUT | Lado: Comprador | Preço: 5515.50 | Vol: 5 | Vol. Norm: 5.0
2025-06-17 16:33:33,641 - INFO - Timestamp: 16:31:59 | Símbolo: WDOFUT | Lado: Comprador | Preço: 5516.00 | Vol: 109 | Vol. Norm: 21.8
2025-06-17 16:33:33,641 - INFO - Timestamp: 16:31:59 | Símbolo: WDOFUT | Lado: Comprador | Preço: 5516.00 | Vol: 51 | Vol. Norm: 10.2
2025-06-17 16:33:33,642 - INFO - Timestamp: 16:32:07 | Símbolo: WDOFUT | Lado: Comprador | Preço: 5516.00 | Vol: 150 | Vol. Norm: 30.0
2025-06-17 16:33:33,642 - INFO - Timestamp: 16:32:07 | Símbolo: DOLFUT | Lado: Comprador | Preço: 5516.00 | Vol: 45 | Vol. Norm: 45.0
2025-06-17 16:33:33,642 - INFO - Timestamp: 16:32:10 | Símbolo: WDOFUT | Lado: Comprador | Preço: 5516.00 | Vol: 69 | Vol. Norm: 13.8
2025-06-17 16:33:33,642 - INFO - Timestamp: 16:32:24 | Símbolo: WDOFUT | Lado: Vendedor | Preço: 5515.50 | Vol: 73 | Vol. Norm: 14.6
2025-06-17 16:33:33,642 - INFO - Timestamp: 16:32:24 | Símbolo: WDOFUT | Lado: Vendedor | Preço: 5515.50 | Vol: 48 | Vol. Norm: 9.6
2025-06-17 16:33:33,642 - INFO - Timestamp: 16:32:24 | Símbolo: WDOFUT | Lado: Vendedor | Preço: 5515.50 | Vol: 52 | Vol. Norm: 10.4
2025-06-17 16:33:33,643 - INFO - Timestamp: 16:32:24 | Símbolo: WDOFUT | Lado: Vendedor | Preço: 5515.50 | Vol: 34 | Vol. Norm: 6.8
2025-06-17 16:33:33,643 - INFO - Timestamp: 16:32:24 | Símbolo: WDOFUT | Lado: Vendedor | Preço: 5515.50 | Vol: 53 | Vol. Norm: 10.6
2025-06-17 16:33:33,643 - INFO - Timestamp: 16:32:24 | Símbolo: DOLFUT | Lado: Vendedor | Preço: 5515.50 | Vol: 15 | Vol. Norm: 15.0
2025-06-17 16:33:33,643 - INFO - Timestamp: 16:32:27 | Símbolo: WDOFUT | Lado: Vendedor | Preço: 5515.00 | Vol: 88 | Vol. Norm: 17.6
2025-06-17 16:33:33,643 - INFO - Timestamp: 16:32:27 | Símbolo: DOLFUT | Lado: Vendedor | Preço: 5514.50 | Vol: 5 | Vol. Norm: 5.0
2025-06-17 16:33:33,644 - INFO - Timestamp: 16:32:29 | Símbolo: WDOFUT | Lado: Vendedor | Preço: 5514.50 | Vol: 30 | Vol. Norm: 6.0
2025-06-17 16:33:33,644 - INFO - Timestamp: 16:32:29 | Símbolo: WDOFUT | Lado: Vendedor | Preço: 5514.50 | Vol: 35 | Vol. Norm: 7.0
2025-06-17 16:33:33,644 - INFO - Timestamp: 16:32:33 | Símbolo: WDOFUT | Lado: Comprador | Preço: 5514.50 | Vol: 131 | Vol. Norm: 26.2
2025-06-17 16:33:33,644 - INFO - Timestamp: 16:32:33 | Símbolo: WDOFUT | Lado: Comprador | Preço: 5514.50 | Vol: 136 | Vol. Norm: 27.2
2025-06-17 16:33:33,645 - INFO - Timestamp: 16:32:33 | Símbolo: WDOFUT | Lado: Comprador | Preço: 5514.50 | Vol: 53 | Vol. Norm: 10.6
2025-06-17 16:33:33,645 - INFO - Timestamp: 16:32:33 | Símbolo: WDOFUT | Lado: Vendedor | Preço: 5514.50 | Vol: 90 | Vol. Norm: 18.0
2025-06-17 16:33:33,645 - INFO - Timestamp: 16:32:33 | Símbolo: DOLFUT | Lado: Comprador | Preço: 5515.00 | Vol: 15 | Vol. Norm: 15.0
2025-06-17 16:33:33,645 - INFO - Timestamp: 16:32:33 | Símbolo: DOLFUT | Lado: Comprador | Preço: 5514.50 | Vol: 5 | Vol. Norm: 5.0
2025-06-17 16:33:33,645 - INFO - Timestamp: 16:32:33 | Símbolo: DOLFUT | Lado: Comprador | Preço: 5514.50 | Vol: 10 | Vol. Norm: 10.0
2025-06-17 16:33:33,645 - INFO - Timestamp: 16:32:44 | Símbolo: WDOFUT | Lado: Comprador | Preço: 5515.50 | Vol: 266 | Vol. Norm: 53.2
2025-06-17 16:33:33,645 - INFO - Timestamp: 16:32:44 | Símbolo: DOLFUT | Lado: Comprador | Preço: 5515.00 | Vol: 10 | Vol. Norm: 10.0
2025-06-17 16:33:33,646 - INFO - Timestamp: 16:32:45 | Símbolo: WDOFUT | Lado: Vendedor | Preço: 5515.00 | Vol: 39 | Vol. Norm: 7.8
2025-06-17 16:33:33,646 - INFO - Timestamp: 16:32:46 | Símbolo: WDOFUT | Lado: Comprador | Preço: 5515.00 | Vol: 54 | Vol. Norm: 10.8
2025-06-17 16:33:33,646 - INFO - Timestamp: 16:33:00 | Símbolo: DOLFUT | Lado: Vendedor | Preço: 5515.00 | Vol: 5 | Vol. Norm: 5.0
2025-06-17 16:33:33,646 - INFO - Timestamp: 16:33:00 | Símbolo: DOLFUT | Lado: Comprador | Preço: 5515.50 | Vol: 10 | Vol. Norm: 10.0
2025-06-17 16:33:33,646 - INFO - Timestamp: 16:33:05 | Símbolo: WDOFUT | Lado: Vendedor | Preço: 5514.50 | Vol: 423 | Vol. Norm: 84.6
2025-06-17 16:33:33,647 - INFO - Timestamp: 16:33:05 | Símbolo: DOLFUT | Lado: Vendedor | Preço: 5514.00 | Vol: 5 | Vol. Norm: 5.0
2025-06-17 16:33:33,647 - INFO - Timestamp: 16:33:05 | Símbolo: DOLFUT | Lado: Vendedor | Preço: 5514.50 | Vol: 15 | Vol. Norm: 15.0
2025-06-17 16:33:33,647 - INFO - Timestamp: 16:33:22 | Símbolo: WDOFUT | Lado: Comprador | Preço: 5514.50 | Vol: 39 | Vol. Norm: 7.8
2025-06-17 16:33:33,647 - INFO - Timestamp: 16:33:22 | Símbolo: DOLFUT | Lado: Comprador | Preço: 5514.50 | Vol: 5 | Vol. Norm: 5.0
2025-06-17 16:33:33,647 - INFO - Timestamp: 16:33:23 | Símbolo: WDOFUT | Lado: Comprador | Preço: 5515.00 | Vol: 79 | Vol. Norm: 15.8
2025-06-17 16:33:33,648 - INFO - Timestamp: 16:33:27 | Símbolo: WDOFUT | Lado: Vendedor | Preço: 5514.50 | Vol: 51 | Vol. Norm: 10.2
2025-06-17 16:33:34,406 - INFO - Sessão de debug finalizada.
